Validation report for ogc.ogc-utils.prov-bundled - Single Schema for PROV
Generated 2026-01-13T22:12:06.751974+00:00
=== General ===
Test was expected to fail and it did.
=== End General ===

=== Files ===
Using ambiguous-type-fail.json from test resources
JSON-LD context is present - uplifting
=== End Files ===

=== JSON Schema ===
Validation passed
=== End JSON Schema ===

=== JSON-LD ===

** Validation error **
Error found when uplifting JSON-LD: Failed to convert Literal lexical form to value. Datatype=http://www.w3.org/2001/XMLSchema#dateTime, Converter=<function parse_datetime at 0x7fbd8faae5f0>
Traceback (most recent call last):
  File "/venv/lib/python3.10/site-packages/isodate/isodatetime.py", line 51, in parse_datetime
    datestring, timestring = datetimestring.split('T')
ValueError: not enough values to unpack (expected 2, got 1)

During handling of the above exception, another exception occurred:

Traceback (most recent call last):
  File "/venv/lib/python3.10/site-packages/rdflib/term.py", line 2084, in _castLexicalToPython
    return conv_func(lexical)  # type: ignore[arg-type]
  File "/venv/lib/python3.10/site-packages/isodate/isodatetime.py", line 53, in parse_datetime
    raise ISO8601Error("ISO 8601 time designator 'T' missing. Unable to"
isodate.isoerror.ISO8601Error: ISO 8601 time designator 'T' missing. Unable to parse datetime string '2029-01-01'

=== End JSON-LD ===

