Validation report for ogc.ogc-utils.prov - Provenance Chain
Generated 2025-12-16T09:15:25.978160+00:00
=== General ===
Test was expected to fail and it did.
=== End General ===

=== Files ===
Using sequential-time-fail.json from test resources
JSON-LD context is present - uplifting
=== End Files ===

=== JSON Schema ===

** Validation error **
ValidationError: {'@context': {'@base': 'https://example.org/', 'agents': 'https://someagentregister.eg/', 'thing': 'https://example.org/entities/', 'foaf': 'http://xmlns.com/foaf/0.1/', 'survtypes': 'https://example.org/surveytypes/', 'surveyreg': 'https://example.org/surveys/'}, 'id': 'DP-1', 'type': 'Feature', 'featureType': 'Survey', 'wasGeneratedBy': ['surveyreg:DP-1-S1', {'activity': 'Registration', 'id': 'surveyreg:DP-1-S2', 'endedAtTime': '2021-01-01', 'wasAssociatedWith': 'agents:bc-3', 'used': {'id': 'PriorThing', 'wasGeneratedBy': {'activity': 'SomethingImpossiblyAfter', 'id': 'surveyreg:impossible', 'endedAtTime': '2029-01-01'}}}]} is not valid under any of the given schemas

Failed validating 'anyOf' in schema:
    {'$defs': {'Activity': {'$anchor': 'Activity',
                            '$ref': 'https://ogcincubator.github.io/bblock-prov-schema/build/annotated/ogc-utils/prov-activity/schema.yaml'},
               'Agent': {'$anchor': 'Agent',
                         '$ref': 'https://ogcincubator.github.io/bblock-prov-schema/build/annotated/ogc-utils/prov-agent/schema.yaml'},
               'Association': {'$anchor': 'Association',
                               '$ref': 'https://ogcincubator.github.io/bblock-prov-schema/build/annotated/ogc-utils/prov-agent/schema.yaml#Association'},
               'Entity': {'$anchor': 'Entity',
                          '$ref': 'https://ogcincubator.github.io/bblock-prov-schema/build/annotated/ogc-utils/prov-entity/schema.yaml'},
               'Influence': {'$anchor': 'Influence',
                             'anyOf': [{'required': ['influencer']},
                                       {'required': ['entity']},
                                       {'required': ['activity']},
                                       {'required': ['agent']}],
                             'properties': {'activity': {'$ref': 'https://ogcincubator.github.io/bblock-prov-schema/build/annotated/ogc-utils/prov/schema.yaml#oneOrMoreActivitiesOrRefIds',
                                                         'x-jsonld-id': 'http://www.w3.org/ns/prov#activity',
                                                         'x-jsonld-type': '@id'},
                                            'agent': {'$ref': 'https://ogcincubator.github.io/bblock-prov-schema/build/annotated/ogc-utils/prov/schema.yaml#oneOrMoreAgentsOrRefIds',
                                                      'x-jsonld-id': 'http://www.w3.org/ns/prov#agent',
                                                      'x-jsonld-type': '@id'},
                                            'entity': {'$ref': 'https://ogcincubator.github.io/bblock-prov-schema/build/annotated/ogc-utils/prov/schema.yaml#oneOrMoreEntitiesOrRefIds',
                                                       'x-jsonld-id': 'http://www.w3.org/ns/prov#entity',
                                                       'x-jsonld-type': '@id'},
                                            'id': {'$ref': 'https://ogcincubator.github.io/bblock-prov-schema/build/annotated/ogc-utils/prov/schema.yaml#objectref',
                                                   'x-jsonld-id': '@id'},
                                            'influencer': {'anyOf': [{'$ref': 'https://ogcincubator.github.io/bblock-prov-schema/build/annotated/ogc-utils/prov/schema.yaml#oneOrMoreActivitiesOrRefIds'},
                                                                     {'$ref': 'https://ogcincubator.github.io/bblock-prov-schema/build/annotated/ogc-utils/prov/schema.yaml#oneOrMoreEntitiesOrRefIds'},
                                                                     {'$ref': 'https://ogcincubator.github.io/bblock-prov-schema/build/annotated/ogc-utils/prov/schema.yaml#oneOrMoreAgentsOrRefIds'}],
                                                           'x-jsonld-id': 'http://www.w3.org/ns/prov#influencer',
                                                           'x-jsonld-type': '@id'}},
                             'type': 'object'},
               'Prov': {'$anchor': 'Prov',
                        'description': 'An list of provenance objects '
                                       'linked together to form a '
                                       'provenance chain for the current '
                                       'object. Objects may have nested '
                                       'objects as well, with or without '
                                       'referencable ids',
                        'items': {'oneOf': [{'$ref': '#Entity'},
                                            {'$ref': '#Agent'},
                                            {'$ref': '#Activity'}]},
                        'type': 'array'},
               'externalLink': {'$anchor': 'externalLink',
                                '$ref': 'https://opengeospatial.github.io/bblocks/annotated-schemas/ogc-utils/json-link/schema.yaml'},
               'influenced': {'$anchor': 'influenced',
                              'properties': {'qualifiedInfluence': {'oneOf': [{'$ref': '#objectref'},
                                                                              {'$ref': 'https://ogcincubator.github.io/bblock-prov-schema/build/annotated/ogc-utils/prov/schema.yaml#Influence'},
                                                                              {'items': {'oneOf': [{'$ref': '#objectref'},
                                                                                                   {'$ref': 'https://ogcincubator.github.io/bblock-prov-schema/build/annotated/ogc-utils/prov/schema.yaml#Influence'}]},
                                                                               'type': 'array'}],
                                                                    'x-jsonld-id': 'http://www.w3.org/ns/prov#qualifiedInfluence',
                                                                    'x-jsonld-type': '@id'},
                                             'wasInfluencedBy': {'anyOf': [{'$ref': '#oneOrMoreActivitiesOrRefIds'},
                                                                           {'$ref': '#oneOrMoreEntitiesOrRefIds'},
                                                                           {'$ref': '#oneOrMoreAgentsOrRefIds'}],
                                                                 'x-jsonld-id': 'http://www.w3.org/ns/prov#wasInfluencedBy',
                                                                 'x-jsonld-type': '@id'}},
                              'type': 'object'},
               'objectref': {'$anchor': 'objectref',
                             '$ref': 'https://opengeospatial.github.io/bblocks/annotated-schemas/ogc-utils/iri-or-curie/schema.yaml'},
               'oneOrMoreActivitiesOrRefIds': {'$anchor': 'oneOrMoreActivitiesOrRefIds',
                                               'oneOf': [{'$ref': '#objectref'},
                                                         {'$ref': 'https://ogcincubator.github.io/bblock-prov-schema/build/annotated/ogc-utils/prov/schema.yaml#Activity'},
                                                         {'items': {'anyOf': [{'$ref': '#objectref'},
                                                                              {'$ref': 'https://ogcincubator.github.io/bblock-prov-schema/build/annotated/ogc-utils/prov/schema.yaml#Activity'}]},
                                                          'type': 'array'}]},
               'oneOrMoreAgentsOrRefIds': {'$anchor': 'oneOrMoreAgentsOrRefIds',
                                           'oneOf': [{'$ref': '#objectref'},
                                                     {'$ref': '#externalLink'},
                                                     {'$ref': '#Agent'},
                                                     {'items': {'anyOf': [{'$ref': '#objectref'},
                                                                          {'$ref': '#Agent'}]},
                                                      'type': 'array'}]},
               'oneOrMoreEntitiesOrRefIds': {'$anchor': 'oneOrMoreEntitiesOrRefIds',
                                             'oneOf': [{'$ref': '#objectref'},
                                                       {'$ref': '#Entity'},
                                                       {'items': {'anyOf': [{'$ref': '#objectref'},
                                                                            {'$ref': '#Entity'}]},
                                                        'type': 'array'}]},
               'oneOrMoreObjectref': {'$anchor': 'oneOrMoreObjectref',
                                      '$ref': 'https://opengeospatial.github.io/bblocks/annotated-schemas/ogc-utils/iri-or-curie/schema.yaml#/$defs/MultipleOrObject'}},
     '$schema': 'https://json-schema.org/draft/2020-12/schema',
     'anyOf': [{'$ref': '#Prov'},
               {'$ref': '#Entity'},
               {'$ref': '#Activity'}],
     'description': 'Provenance Chain using PROV-O core model supporting '
                    'both an ID based object graph and nesting',
     'x-jsonld-extra-terms': {'Accept': 'http://www.w3.org/ns/prov#Accept',
                              'Activity': 'http://www.w3.org/ns/prov#Activity',
                              'ActivityInfluence': 'http://www.w3.org/ns/prov#ActivityInfluence',
                              'Agent': 'http://www.w3.org/ns/prov#Agent',
                              'AgentInfluence': 'http://www.w3.org/ns/prov#AgentInfluence',
                              'Association': 'http://www.w3.org/ns/prov#Association',
                              'Attribution': 'http://www.w3.org/ns/prov#Attribution',
                              'Bundle': 'http://www.w3.org/ns/prov#Bundle',
                              'Collection': 'http://www.w3.org/ns/prov#Collection',
                              'Communication': 'http://www.w3.org/ns/prov#Communication',
                              'Contribute': 'http://www.w3.org/ns/prov#Contribute',
                              'Contributor': 'http://www.w3.org/ns/prov#Contributor',
                              'Copyright': 'http://www.w3.org/ns/prov#Copyright',
                              'Create': 'http://www.w3.org/ns/prov#Create',
                              'Creator': 'http://www.w3.org/ns/prov#Creator',
                              'Delegation': 'http://www.w3.org/ns/prov#Delegation',
                              'Derivation': 'http://www.w3.org/ns/prov#Derivation',
                              'Dictionary': 'http://www.w3.org/ns/prov#Dictionary',
                              'DirectQueryService': 'http://www.w3.org/ns/prov#DirectQueryService',
                              'EmptyCollection': 'http://www.w3.org/ns/prov#EmptyCollection',
                              'EmptyDictionary': 'http://www.w3.org/ns/prov#EmptyDictionary',
                              'End': 'http://www.w3.org/ns/prov#End',
                              'Entity': 'http://www.w3.org/ns/prov#Entity',
                              'EntityInfluence': 'http://www.w3.org/ns/prov#EntityInfluence',
                              'Generation': 'http://www.w3.org/ns/prov#Generation',
                              'Influence': 'http://www.w3.org/ns/prov#Influence',
                              'Insertion': 'http://www.w3.org/ns/prov#Insertion',
                              'InstantaneousEvent': 'http://www.w3.org/ns/prov#InstantaneousEvent',
                              'Invalidation': 'http://www.w3.org/ns/prov#Invalidation',
                              'KeyEntityPair': 'http://www.w3.org/ns/prov#KeyEntityPair',
                              'Location': 'http://www.w3.org/ns/prov#Location',
                              'Modify': 'http://www.w3.org/ns/prov#Modify',
                              'Organization': 'http://www.w3.org/ns/prov#Organization',
                              'Person': 'http://www.w3.org/ns/prov#Person',
                              'Plan': 'http://www.w3.org/ns/prov#Plan',
                              'PrimarySource': 'http://www.w3.org/ns/prov#PrimarySource',
                              'Publish': 'http://www.w3.org/ns/prov#Publish',
                              'Publisher': 'http://www.w3.org/ns/prov#Publisher',
                              'Quotation': 'http://www.w3.org/ns/prov#Quotation',
                              'Removal': 'http://www.w3.org/ns/prov#Removal',
                              'Replace': 'http://www.w3.org/ns/prov#Replace',
                              'Revision': 'http://www.w3.org/ns/prov#Revision',
                              'RightsAssignment': 'http://www.w3.org/ns/prov#RightsAssignment',
                              'RightsHolder': 'http://www.w3.org/ns/prov#RightsHolder',
                              'Role': 'http://www.w3.org/ns/prov#Role',
                              'ServiceDescription': 'http://www.w3.org/ns/prov#ServiceDescription',
                              'SoftwareAgent': 'http://www.w3.org/ns/prov#SoftwareAgent',
                              'Start': 'http://www.w3.org/ns/prov#Start',
                              'Submit': 'http://www.w3.org/ns/prov#Submit',
                              'Usage': 'http://www.w3.org/ns/prov#Usage',
                              'actedOnBehalfOf': {'x-jsonld-id': 'http://www.w3.org/ns/prov#actedOnBehalfOf',
                                                  'x-jsonld-type': '@id'},
                              'activity': {'x-jsonld-id': 'http://www.w3.org/ns/prov#activity',
                                           'x-jsonld-type': '@id'},
                              'activityType': '@type',
                              'agent': {'x-jsonld-id': 'http://www.w3.org/ns/prov#agent',
                                        'x-jsonld-type': '@id'},
                              'agentType': '@type',
                              'alternateOf': {'x-jsonld-id': 'http://www.w3.org/ns/prov#alternateOf',
                                              'x-jsonld-type': '@id'},
                              'asInBundle': {'x-jsonld-id': 'http://www.w3.org/ns/prov#asInBundle',
                                             'x-jsonld-type': '@id'},
                              'atLocation': {'x-jsonld-id': 'http://www.w3.org/ns/prov#atLocation',
                                             'x-jsonld-type': '@id'},
                              'atTime': {'x-jsonld-id': 'http://www.w3.org/ns/prov#atTime',
                                         'x-jsonld-type': 'http://www.w3.org/2001/XMLSchema#dateTime'},
                              'derivedByInsertionFrom': {'x-jsonld-id': 'http://www.w3.org/ns/prov#derivedByInsertionFrom',
                                                         'x-jsonld-type': '@id'},
                              'derivedByRemovalFrom': {'x-jsonld-id': 'http://www.w3.org/ns/prov#derivedByRemovalFrom',
                                                       'x-jsonld-type': '@id'},
                              'describesService': {'x-jsonld-id': 'http://www.w3.org/ns/prov#describesService',
                                                   'x-jsonld-type': '@id'},
                              'dictionary': {'x-jsonld-id': 'http://www.w3.org/ns/prov#dictionary',
                                             'x-jsonld-type': '@id'},
                              'endedAtTime': {'x-jsonld-id': 'http://www.w3.org/ns/prov#endedAtTime',
                                              'x-jsonld-type': 'http://www.w3.org/2001/XMLSchema#dateTime'},
                              'entity': {'x-jsonld-id': 'http://www.w3.org/ns/prov#entity',
                                         'x-jsonld-type': '@id'},
                              'entityType': '@type',
                              'featureType': '@type',
                              'generated': {'x-jsonld-id': 'http://www.w3.org/ns/prov#generated',
                                            'x-jsonld-type': '@id'},
                              'generatedAtTime': {'x-jsonld-id': 'http://www.w3.org/ns/prov#generatedAtTime',
                                                  'x-jsonld-type': 'http://www.w3.org/2001/XMLSchema#dateTime'},
                              'hadActivity': {'x-jsonld-id': 'http://www.w3.org/ns/prov#hadActivity',
                                              'x-jsonld-type': '@id'},
                              'hadDictionaryMember': {'x-jsonld-id': 'http://www.w3.org/ns/prov#hadDictionaryMember',
                                                      'x-jsonld-type': '@id'},
                              'hadGeneration': {'x-jsonld-id': 'http://www.w3.org/ns/prov#hadGeneration',
                                                'x-jsonld-type': '@id'},
                              'hadMember': {'x-jsonld-id': 'http://www.w3.org/ns/prov#hadMember',
                                            'x-jsonld-type': '@id'},
                              'hadPlan': {'x-jsonld-id': 'http://www.w3.org/ns/prov#hadPlan',
                                          'x-jsonld-type': '@id'},
                              'hadPrimarySource': {'x-jsonld-id': 'http://www.w3.org/ns/prov#hadPrimarySource',
                                                   'x-jsonld-type': '@id'},
                              'hadRole': {'x-jsonld-id': 'http://www.w3.org/ns/prov#hadRole',
                                          'x-jsonld-type': '@id'},
                              'hadUsage': {'x-jsonld-id': 'http://www.w3.org/ns/prov#hadUsage',
                                           'x-jsonld-type': '@id'},
                              'has_anchor': {'x-jsonld-id': 'http://www.w3.org/ns/prov#has_anchor',
                                             'x-jsonld-type': '@id'},
                              'has_provenance': {'x-jsonld-id': 'http://purl.org/dc/terms/provenance',
                                                 'x-jsonld-type': '@id'},
                              'has_query_service': {'x-jsonld-id': 'http://www.w3.org/ns/prov#has_query_service',
                                                    'x-jsonld-type': '@id'},
                              'id': '@id',
                              'influenced': {'x-jsonld-id': 'http://www.w3.org/ns/prov#influenced',
                                             'x-jsonld-type': '@id'},
                              'influencer': {'x-jsonld-id': 'http://www.w3.org/ns/prov#influencer',
                                             'x-jsonld-type': '@id'},
                              'insertedKeyEntityPair': {'x-jsonld-id': 'http://www.w3.org/ns/prov#insertedKeyEntityPair',
                                                        'x-jsonld-type': '@id'},
                              'invalidated': {'x-jsonld-id': 'http://www.w3.org/ns/prov#invalidated',
                                              'x-jsonld-type': '@id'},
                              'invalidatedAtTime': {'x-jsonld-id': 'http://www.w3.org/ns/prov#invalidatedAtTime',
                                                    'x-jsonld-type': 'http://www.w3.org/2001/XMLSchema#dateTime'},
                              'links': 'http://www.w3.org/2000/01/rdf-schema#seeAlso',
                              'mentionOf': {'x-jsonld-id': 'http://www.w3.org/ns/prov#mentionOf',
                                            'x-jsonld-type': '@id'},
                              'name': 'http://www.w3.org/2000/01/rdf-schema#label',
                              'pairEntity': {'x-jsonld-id': 'http://www.w3.org/ns/prov#pairEntity',
                                             'x-jsonld-type': '@id'},
                              'pairKey': {'x-jsonld-id': 'http://www.w3.org/ns/prov#pairKey',
                                          'x-jsonld-type': 'http://www.w3.org/2000/01/rdf-schema#Literal'},
                              'pingback': {'x-jsonld-id': 'http://www.w3.org/ns/prov#pingback',
                                           'x-jsonld-type': '@id'},
                              'provType': '@type',
                              'provenanceUriTemplate': 'http://www.w3.org/ns/prov#provenanceUriTemplate',
                              'qualifiedAssociation': {'x-jsonld-id': 'http://www.w3.org/ns/prov#qualifiedAssociation',
                                                       'x-jsonld-type': '@id'},
                              'qualifiedAttribution': {'x-jsonld-id': 'http://www.w3.org/ns/prov#qualifiedAttribution',
                                                       'x-jsonld-type': '@id'},
                              'qualifiedCommunication': {'x-jsonld-id': 'http://www.w3.org/ns/prov#qualifiedCommunication',
                                                         'x-jsonld-type': '@id'},
                              'qualifiedDelegation': {'x-jsonld-id': 'http://www.w3.org/ns/prov#qualifiedDelegation',
                                                      'x-jsonld-type': '@id'},
                              'qualifiedDerivation': {'x-jsonld-id': 'http://www.w3.org/ns/prov#qualifiedDerivation',
                                                      'x-jsonld-type': '@id'},
                              'qualifiedEnd': {'x-jsonld-id': 'http://www.w3.org/ns/prov#qualifiedEnd',
                                               'x-jsonld-type': '@id'},
                              'qualifiedGeneration': {'x-jsonld-id': 'http://www.w3.org/ns/prov#qualifiedGeneration',
                                                      'x-jsonld-type': '@id'},
                              'qualifiedInfluence': {'x-jsonld-id': 'http://www.w3.org/ns/prov#qualifiedInfluence',
                                                     'x-jsonld-type': '@id'},
                              'qualifiedInsertion': {'x-jsonld-id': 'http://www.w3.org/ns/prov#qualifiedInsertion',
                                                     'x-jsonld-type': '@id'},
                              'qualifiedInvalidation': {'x-jsonld-id': 'http://www.w3.org/ns/prov#qualifiedInvalidation',
                                                        'x-jsonld-type': '@id'},
                              'qualifiedPrimarySource': {'x-jsonld-id': 'http://www.w3.org/ns/prov#qualifiedPrimarySource',
                                                         'x-jsonld-type': '@id'},
                              'qualifiedQuotation': {'x-jsonld-id': 'http://www.w3.org/ns/prov#qualifiedQuotation',
                                                     'x-jsonld-type': '@id'},
                              'qualifiedRemoval': {'x-jsonld-id': 'http://www.w3.org/ns/prov#qualifiedRemoval',
                                                   'x-jsonld-type': '@id'},
                              'qualifiedRevision': {'x-jsonld-id': 'http://www.w3.org/ns/prov#qualifiedRevision',
                                                    'x-jsonld-type': '@id'},
                              'qualifiedStart': {'x-jsonld-id': 'http://www.w3.org/ns/prov#qualifiedStart',
                                                 'x-jsonld-type': '@id'},
                              'qualifiedUsage': {'x-jsonld-id': 'http://www.w3.org/ns/prov#qualifiedUsage',
                                                 'x-jsonld-type': '@id'},
                              'removedKey': {'x-jsonld-id': 'http://www.w3.org/ns/prov#removedKey',
                                             'x-jsonld-type': 'http://www.w3.org/2000/01/rdf-schema#Literal'},
                              'specializationOf': {'x-jsonld-id': 'http://www.w3.org/ns/prov#specializationOf',
                                                   'x-jsonld-type': '@id'},
                              'startedAtTime': {'x-jsonld-id': 'http://www.w3.org/ns/prov#startedAtTime',
                                                'x-jsonld-type': 'http://www.w3.org/2001/XMLSchema#dateTime'},
                              'used': {'x-jsonld-id': 'http://www.w3.org/ns/prov#used',
                                       'x-jsonld-type': '@id'},
                              'value': 'http://www.w3.org/ns/prov#value',
                              'wasAssociatedWith': {'x-jsonld-id': 'http://www.w3.org/ns/prov#wasAssociatedWith',
                                                    'x-jsonld-type': '@id'},
                              'wasAttributedTo': {'x-jsonld-id': 'http://www.w3.org/ns/prov#wasAttributedTo',
                                                  'x-jsonld-type': '@id'},
                              'wasDerivedFrom': {'x-jsonld-id': 'http://www.w3.org/ns/prov#wasDerivedFrom',
                                                 'x-jsonld-type': '@id'},
                              'wasEndedBy': {'x-jsonld-id': 'http://www.w3.org/ns/prov#wasEndedBy',
                                             'x-jsonld-type': '@id'},
                              'wasGeneratedBy': {'x-jsonld-id': 'http://www.w3.org/ns/prov#wasGeneratedBy',
                                                 'x-jsonld-type': '@id'},
                              'wasInfluencedBy': {'x-jsonld-id': 'http://www.w3.org/ns/prov#wasInfluencedBy',
                                                  'x-jsonld-type': '@id'},
                              'wasInformedBy': {'x-jsonld-id': 'http://www.w3.org/ns/prov#wasInformedBy',
                                                'x-jsonld-type': '@id'},
                              'wasInvalidatedBy': {'x-jsonld-id': 'http://www.w3.org/ns/prov#wasInvalidatedBy',
                                                   'x-jsonld-type': '@id'},
                              'wasQuotedFrom': {'x-jsonld-id': 'http://www.w3.org/ns/prov#wasQuotedFrom',
                                                'x-jsonld-type': '@id'},
                              'wasRevisionOf': {'x-jsonld-id': 'http://www.w3.org/ns/prov#wasRevisionOf',
                                                'x-jsonld-type': '@id'},
                              'wasStartedBy': {'x-jsonld-id': 'http://www.w3.org/ns/prov#wasStartedBy',
                                               'x-jsonld-type': '@id'}},
     'x-jsonld-prefixes': {'dct': 'http://purl.org/dc/terms/',
                           'prov': 'http://www.w3.org/ns/prov#',
                           'rdf': 'http://www.w3.org/1999/02/22-rdf-syntax-ns#',
                           'rdfs': 'http://www.w3.org/2000/01/rdf-schema#',
                           'xsd': 'http://www.w3.org/2001/XMLSchema#'}}

On instance:
    {'@context': {'@base': 'https://example.org/',
                  'agents': 'https://someagentregister.eg/',
                  'foaf': 'http://xmlns.com/foaf/0.1/',
                  'surveyreg': 'https://example.org/surveys/',
                  'survtypes': 'https://example.org/surveytypes/',
                  'thing': 'https://example.org/entities/'},
     'featureType': 'Survey',
     'id': 'DP-1',
     'type': 'Feature',
     'wasGeneratedBy': ['surveyreg:DP-1-S1',
                        {'activity': 'Registration',
                         'endedAtTime': '2021-01-01',
                         'id': 'surveyreg:DP-1-S2',
                         'used': {'id': 'PriorThing',
                                  'wasGeneratedBy': {'activity': 'SomethingImpossiblyAfter',
                                                     'endedAtTime': '2029-01-01',
                                                     'id': 'surveyreg:impossible'}},
                         'wasAssociatedWith': 'agents:bc-3'}]}
=== End JSON Schema ===

=== JSON-LD ===

** Validation error **
Error found when uplifting JSON-LD: Failed to convert Literal lexical form to value. Datatype=http://www.w3.org/2001/XMLSchema#dateTime, Converter=<function parse_datetime at 0x7fd6ef3ee560>
Traceback (most recent call last):
  File "/venv/lib/python3.10/site-packages/isodate/isodatetime.py", line 51, in parse_datetime
    datestring, timestring = datetimestring.split('T')
ValueError: not enough values to unpack (expected 2, got 1)

During handling of the above exception, another exception occurred:

Traceback (most recent call last):
  File "/venv/lib/python3.10/site-packages/rdflib/term.py", line 2084, in _castLexicalToPython
    return conv_func(lexical)  # type: ignore[arg-type]
  File "/venv/lib/python3.10/site-packages/isodate/isodatetime.py", line 53, in parse_datetime
    raise ISO8601Error("ISO 8601 time designator 'T' missing. Unable to"
isodate.isoerror.ISO8601Error: ISO 8601 time designator 'T' missing. Unable to parse datetime string '2021-01-01'
Failed to convert Literal lexical form to value. Datatype=http://www.w3.org/2001/XMLSchema#dateTime, Converter=<function parse_datetime at 0x7fd6ef3ee560>
Traceback (most recent call last):
  File "/venv/lib/python3.10/site-packages/isodate/isodatetime.py", line 51, in parse_datetime
    datestring, timestring = datetimestring.split('T')
ValueError: not enough values to unpack (expected 2, got 1)

During handling of the above exception, another exception occurred:

Traceback (most recent call last):
  File "/venv/lib/python3.10/site-packages/rdflib/term.py", line 2084, in _castLexicalToPython
    return conv_func(lexical)  # type: ignore[arg-type]
  File "/venv/lib/python3.10/site-packages/isodate/isodatetime.py", line 53, in parse_datetime
    raise ISO8601Error("ISO 8601 time designator 'T' missing. Unable to"
isodate.isoerror.ISO8601Error: ISO 8601 time designator 'T' missing. Unable to parse datetime string '2029-01-01'

=== End JSON-LD ===

