Validation report for ogc.ogc-utils.prov - Provenance Chain
Generated 2025-09-23T07:34:38.914194+00:00
=== General ===
Test was expected to fail and it did.
=== End General ===

=== Files ===
Using sequential-time-fail.json from test resources
JSON-LD context is present - uplifting
=== End Files ===

=== JSON Schema ===

** Validation error **
ValidationError: {'@context': {'@base': 'https://example.org/', 'agents': 'https://someagentregister.eg/', 'thing': 'https://example.org/entities/', 'foaf': 'http://xmlns.com/foaf/0.1/', 'survtypes': 'https://example.org/surveytypes/', 'surveyreg': 'https://example.org/surveys/'}, 'id': 'DP-1', 'type': 'Feature', 'featureType': 'Survey', 'wasGeneratedBy': ['surveyreg:DP-1-S1', {'activity': 'Registration', 'id': 'surveyreg:DP-1-S2', 'endedAtTime': '2021-01-01', 'wasAssociatedWith': 'agents:bc-3', 'used': {'id': 'PriorThing', 'wasGeneratedBy': {'activity': 'SomethingImpossiblyAfter', 'id': 'surveyreg:impossible', 'endedAtTime': '2029-01-01'}}}]} is not valid under any of the given schemas

Failed validating 'anyOf' in schema:
    {'$defs': {'Activity': {'allOf': [{'$ref': '#/$defs/influenced'}],
                            'anyOf': [{'required': ['activityType']},
                                      {'required': ['prov:type']},
                                      {'required': ['type']},
                                      {'required': ['used']},
                                      {'required': ['wasInformedBy']},
                                      {'required': ['endedAtTime']},
                                      {'required': ['startedAtTime']},
                                      {'required': ['wasAssociatedWith']}],
                            'properties': {'activityType': {'$ref': '#/$defs/oneOrMoreObjectref',
                                                            'x-jsonld-id': '@type'},
                                           'atLocation': {'$ref': '#/$defs/objectref',
                                                          'x-jsonld-id': 'http://www.w3.org/ns/prov#atLocation',
                                                          'x-jsonld-type': '@id'},
                                           'endedAtTime': {'$ref': '#/$defs/dateTime',
                                                           'x-jsonld-id': 'http://www.w3.org/ns/prov#endedAtTime',
                                                           'x-jsonld-type': 'http://www.w3.org/2001/XMLSchema#dateTime'},
                                           'generated': {'$ref': '#/$defs/oneOrMoreEntitiesOrRefIds',
                                                         'x-jsonld-id': 'http://www.w3.org/ns/prov#generated',
                                                         'x-jsonld-type': '@id'},
                                           'id': {'$ref': '#/$defs/objectref',
                                                  'x-jsonld-id': '@id'},
                                           'invalidated': {'$ref': '#/$defs/oneOrMoreEntitiesOrRefIds',
                                                           'x-jsonld-id': 'http://www.w3.org/ns/prov#invalidated',
                                                           'x-jsonld-type': '@id'},
                                           'prov:type': {'$ref': '#/$defs/ActivityTypes'},
                                           'qualifiedAssociation': {'oneOf': [{'$ref': '#/$defs/objectref'},
                                                                              {'$ref': '#/$defs/Association'},
                                                                              {'items': {'oneOf': [{'$ref': '#/$defs/objectref'},
                                                                                                   {'$ref': '#/$defs/Association'}]},
                                                                               'type': 'array'}],
                                                                    'x-jsonld-id': 'http://www.w3.org/ns/prov#qualifiedAssociation',
                                                                    'x-jsonld-type': '@id'},
                                           'qualifiedCommunication': {'oneOf': [{'$ref': '#/$defs/objectref'},
                                                                                {'$ref': '#/$defs/Communication'},
                                                                                {'items': {'oneOf': [{'$ref': '#/$defs/objectref'},
                                                                                                     {'$ref': '#/$defs/Communication'}]},
                                                                                 'type': 'array'}],
                                                                      'x-jsonld-id': 'http://www.w3.org/ns/prov#qualifiedCommunication',
                                                                      'x-jsonld-type': '@id'},
                                           'qualifiedEnd': {'oneOf': [{'$ref': '#/$defs/objectref'},
                                                                      {'$ref': '#/$defs/End'}],
                                                            'x-jsonld-id': 'http://www.w3.org/ns/prov#qualifiedEnd',
                                                            'x-jsonld-type': '@id'},
                                           'qualifiedStart': {'oneOf': [{'$ref': '#/$defs/objectref'},
                                                                        {'$ref': '#/$defs/Start'}],
                                                              'x-jsonld-id': 'http://www.w3.org/ns/prov#qualifiedStart',
                                                              'x-jsonld-type': '@id'},
                                           'qualifiedUsage': {'oneOf': [{'$ref': '#/$defs/objectref'},
                                                                        {'$ref': '#/$defs/Usage'},
                                                                        {'items': {'oneOf': [{'$ref': '#/$defs/objectref'},
                                                                                             {'$ref': '#/$defs/Usage'}]},
                                                                         'type': 'array'}],
                                                              'x-jsonld-id': 'http://www.w3.org/ns/prov#qualifiedUsage',
                                                              'x-jsonld-type': '@id'},
                                           'type': {'$ref': '#/$defs/ActivityTypes'},
                                           'used': {'$ref': '#/$defs/oneOrMoreEntitiesOrRefIds',
                                                    'x-jsonld-id': 'http://www.w3.org/ns/prov#used',
                                                    'x-jsonld-type': '@id'},
                                           'wasAssociatedWith': {'$ref': '#/$defs/oneOrMoreAgentsOrRefIds',
                                                                 'x-jsonld-id': 'http://www.w3.org/ns/prov#wasAssociatedWith',
                                                                 'x-jsonld-type': '@id'},
                                           'wasEndedBy': {'$ref': '#/$defs/oneOrMoreEntitiesOrRefIds',
                                                          'x-jsonld-id': 'http://www.w3.org/ns/prov#wasEndedBy',
                                                          'x-jsonld-type': '@id'},
                                           'wasInformedBy': {'$ref': '#/$defs/oneOrMoreActivitiesOrRefIds',
                                                             'x-jsonld-id': 'http://www.w3.org/ns/prov#wasInformedBy',
                                                             'x-jsonld-type': '@id'},
                                           'wasStartedBy': {'$ref': '#/$defs/oneOrMoreEntitiesOrRefIds',
                                                            'x-jsonld-id': 'http://www.w3.org/ns/prov#wasStartedBy',
                                                            'x-jsonld-type': '@id'}},
                            'type': 'object'},
               'ActivityInfluence': {'properties': {'activity': {'$ref': '#/$defs/oneOrMoreActivitiesOrRefIds',
                                                                 'x-jsonld-id': 'http://www.w3.org/ns/prov#activity',
                                                                 'x-jsonld-type': '@id'},
                                                    'atTime': {'$ref': '#/$defs/dateTime',
                                                               'x-jsonld-id': 'http://www.w3.org/ns/prov#atTime',
                                                               'x-jsonld-type': 'http://www.w3.org/2001/XMLSchema#dateTime'},
                                                    'hadActivity': {'$ref': '#/$defs/oneOrMoreActivitiesOrRefIds',
                                                                    'x-jsonld-id': 'http://www.w3.org/ns/prov#hadActivity',
                                                                    'x-jsonld-type': '@id'},
                                                    'hadRole': {'$ref': '#/$defs/oneOrMoreObjectref',
                                                                'x-jsonld-id': 'http://www.w3.org/ns/prov#hadRole',
                                                                'x-jsonld-type': '@id'},
                                                    'id': {'$ref': '#/$defs/objectref',
                                                           'x-jsonld-id': '@id'},
                                                    'influencer': {'$ref': '#/$defs/oneOrMoreObjectref',
                                                                   'x-jsonld-id': 'http://www.w3.org/ns/prov#influencer',
                                                                   'x-jsonld-type': '@id'}},
                                     'type': 'object'},
               'ActivityTypes': {'oneOf': [{'enum': ['Activity',
                                                     'prov:Activity'],
                                            'type': 'string'},
                                           {'contains': {'enum': ['Activity',
                                                                  'prov:Activity'],
                                                         'type': 'string'},
                                            'items': {'type': 'string'},
                                            'type': 'array'}]},
               'Agent': {'allOf': [{'$ref': '#/$defs/influenced'}],
                         'anyOf': [{'properties': {'provType': {'$ref': '#/$defs/AgentType',
                                                                'x-jsonld-id': '@type'}},
                                    'required': ['provType']},
                                   {'properties': {'type': {'$ref': '#/$defs/AgentType'}},
                                    'required': ['type']},
                                   {'properties': {'agentType': {'$ref': '#/$defs/AgentType',
                                                                 'x-jsonld-id': '@type'}},
                                    'required': ['agentType']},
                                   {'properties': {'prov:type': {'$ref': '#/$defs/AgentType'}},
                                    'required': ['prov:type']},
                                   {'required': ['actedOnBehalfOf']}],
                         'oneOf': [{'required': ['name']},
                                   {'required': ['id']}],
                         'properties': {'actedOnBehalfOf': {'$ref': '#/$defs/oneOrMoreAgentsOrRefIds',
                                                            'x-jsonld-id': 'http://www.w3.org/ns/prov#actedOnBehalfOf',
                                                            'x-jsonld-type': '@id'},
                                        'agentType': {'$ref': '#/$defs/oneOrMoreObjectref',
                                                      'x-jsonld-id': '@type'},
                                        'atLocation': {'$ref': '#/$defs/objectref',
                                                       'x-jsonld-id': 'http://www.w3.org/ns/prov#atLocation',
                                                       'x-jsonld-type': '@id'},
                                        'id': {'$ref': '#/$defs/objectref',
                                               'x-jsonld-id': '@id'},
                                        'name': {'type': 'string',
                                                 'x-jsonld-id': 'http://www.w3.org/2000/01/rdf-schema#label'},
                                        'qualifiedDelegation': {'oneOf': [{'$ref': '#/$defs/objectref'},
                                                                          {'$ref': '#/$defs/Delegation'},
                                                                          {'items': {'oneOf': [{'$ref': '#/$defs/objectref'},
                                                                                               {'$ref': '#/$defs/Delegation'}]},
                                                                           'type': 'array'}],
                                                                'x-jsonld-id': 'http://www.w3.org/ns/prov#qualifiedDelegation',
                                                                'x-jsonld-type': '@id'}},
                         'type': 'object'},
               'AgentType': {'oneOf': [{'$ref': '#/$defs/AgentTypes'},
                                       {'items': {'contains': {'$ref': '#/$defs/AgentTypes'}},
                                        'type': 'array'}]},
               'AgentTypes': {'enum': ['Agent',
                                       'Organization',
                                       'Person',
                                       'SoftwareAgent',
                                       'SoftwareDescription',
                                       'DirectQueryService',
                                       'prov:Agent',
                                       'prov:Organization',
                                       'prov:Person',
                                       'prov:SoftwareAgent',
                                       'prov:SoftwareDescription',
                                       'prov:DirectQueryService'],
                              'type': 'string'},
               'Association': {'properties': {'agent': {'oneOf': [{'$ref': '#/$defs/objectref'},
                                                                  {'$ref': '#/$defs/Agent'}],
                                                        'x-jsonld-id': 'http://www.w3.org/ns/prov#agent',
                                                        'x-jsonld-type': '@id'},
                                              'hadPlan': {'$ref': '#/$defs/oneOrMoreObjectref',
                                                          'x-jsonld-id': 'http://www.w3.org/ns/prov#hadPlan',
                                                          'x-jsonld-type': '@id'},
                                              'hadRole': {'$ref': '#/$defs/oneOrMoreObjectref',
                                                          'x-jsonld-id': 'http://www.w3.org/ns/prov#hadRole',
                                                          'x-jsonld-type': '@id'},
                                              'id': {'$ref': '#/$defs/objectref',
                                                     'x-jsonld-id': '@id'},
                                              'type': {'oneOf': [{'const': 'Association',
                                                                  'type': 'string'},
                                                                 {'contains': {'const': 'Association',
                                                                               'type': 'string'},
                                                                  'items': {'type': 'string'},
                                                                  'type': 'array'}]}},
                               'type': 'object'},
               'Attribution': {'properties': {'agent': {'oneOf': [{'$ref': '#/$defs/objectref'},
                                                                  {'$ref': '#/$defs/Agent'}],
                                                        'x-jsonld-id': 'http://www.w3.org/ns/prov#agent',
                                                        'x-jsonld-type': '@id'},
                                              'id': {'$ref': '#/$defs/objectref',
                                                     'x-jsonld-id': '@id'},
                                              'type': {'oneOf': [{'const': 'Attribution',
                                                                  'type': 'string'},
                                                                 {'contains': {'const': 'Attribution',
                                                                               'type': 'string'},
                                                                  'items': {'type': 'string'},
                                                                  'type': 'array'}]}},
                               'type': 'object'},
               'Communication': {'allOf': [{'$ref': '#/$defs/ActivityInfluence'},
                                           {'properties': {'type': {'oneOf': [{'const': 'Communication',
                                                                               'type': 'string'},
                                                                              {'contains': {'const': 'Communication',
                                                                                            'type': 'string'},
                                                                               'items': {'type': 'string'},
                                                                               'type': 'array'}]}},
                                            'required': ['type'],
                                            'type': 'object'}]},
               'Delegation': {'properties': {'agent': {'oneOf': [{'$ref': '#/$defs/objectref'},
                                                                 {'$ref': '#/$defs/Agent'}],
                                                       'x-jsonld-id': 'http://www.w3.org/ns/prov#agent',
                                                       'x-jsonld-type': '@id'},
                                             'hadActivity': {'oneOf': [{'$ref': '#/$defs/objectref'},
                                                                       {'$ref': '#/$defs/Activity'}],
                                                             'x-jsonld-id': 'http://www.w3.org/ns/prov#hadActivity',
                                                             'x-jsonld-type': '@id'},
                                             'id': {'$ref': '#/$defs/objectref',
                                                    'x-jsonld-id': '@id'},
                                             'type': {'oneOf': [{'const': 'Delegation',
                                                                 'type': 'string'},
                                                                {'contains': {'const': 'Delegation',
                                                                              'type': 'string'},
                                                                 'items': {'type': 'string'},
                                                                 'type': 'array'}]}},
                              'type': 'object'},
               'Derivation': {'properties': {'entity': {'oneOf': [{'$ref': '#/$defs/objectref'},
                                                                  {'$ref': '#/$defs/Entity'}],
                                                        'x-jsonld-id': 'http://www.w3.org/ns/prov#entity',
                                                        'x-jsonld-type': '@id'},
                                             'hadActivity': {'oneOf': [{'$ref': '#/$defs/objectref'},
                                                                       {'$ref': '#/$defs/Activity'}],
                                                             'x-jsonld-id': 'http://www.w3.org/ns/prov#hadActivity',
                                                             'x-jsonld-type': '@id'},
                                             'hadGeneration': {'oneOf': [{'$ref': '#/$defs/objectref'},
                                                                         {'$ref': '#/$defs/Generation'}],
                                                               'x-jsonld-id': 'http://www.w3.org/ns/prov#hadGeneration',
                                                               'x-jsonld-type': '@id'},
                                             'hadUsage': {'oneOf': [{'$ref': '#/$defs/objectref'},
                                                                    {'$ref': '#/$defs/Usage'}],
                                                          'x-jsonld-id': 'http://www.w3.org/ns/prov#hadUsage',
                                                          'x-jsonld-type': '@id'},
                                             'id': {'$ref': '#/$defs/objectref',
                                                    'x-jsonld-id': '@id'},
                                             'type': {'oneOf': [{'const': 'Derivation',
                                                                 'type': 'string'},
                                                                {'contains': {'const': 'Derivation',
                                                                              'type': 'string'},
                                                                 'items': {'type': 'string'},
                                                                 'type': 'array'}]}},
                              'required': ['atTime', 'entity'],
                              'type': 'object'},
               'End': {'allOf': [{'$ref': '#/$defs/StartOrEnd'},
                                 {'properties': {'type': {'anyOf': [{'const': 'End'},
                                                                    {'contains': {'const': 'End'}}]}}}]},
               'Entity': {'allOf': [{'$ref': '#/$defs/influenced'}],
                          'anyOf': [{'properties': {'provType': {'$ref': '#/$defs/EntityTypes',
                                                                 'x-jsonld-id': '@type'}},
                                     'required': ['provType']},
                                    {'properties': {'prov:type': {'$ref': '#/$defs/EntityTypes'}},
                                     'required': ['prov:type']},
                                    {'properties': {'type': {'$ref': '#/$defs/EntityTypes'}},
                                     'required': ['type']},
                                    {'required': ['featureType']},
                                    {'required': ['entityType']},
                                    {'required': ['wasGeneratedBy']},
                                    {'required': ['wasAttributedTo']},
                                    {'required': ['wasDerivedFrom']},
                                    {'required': ['has_provenance']},
                                    {'properties': {'hadMember': {'items': {'$ref': '#/$defs/Entity'},
                                                                  'type': 'array',
                                                                  'x-jsonld-id': 'http://www.w3.org/ns/prov#hadMember',
                                                                  'x-jsonld-type': '@id'},
                                                    'type': {'const': 'Collection',
                                                             'type': 'string'}},
                                     'required': ['hadMember', 'type']},
                                    {'properties': {'hadMember': {'maxItems': 0,
                                                                  'type': 'array',
                                                                  'x-jsonld-id': 'http://www.w3.org/ns/prov#hadMember',
                                                                  'x-jsonld-type': '@id'},
                                                    'type': {'const': 'EmptyCollection',
                                                             'type': 'string'}},
                                     'required': ['hadMember', 'type']}],
                          'properties': {'alternateOf': {'$ref': '#/$defs/oneOrMoreEntitiesOrRefIds',
                                                         'x-jsonld-id': 'http://www.w3.org/ns/prov#alternateOf',
                                                         'x-jsonld-type': '@id'},
                                         'atLocation': {'$ref': '#/$defs/objectref',
                                                        'x-jsonld-id': 'http://www.w3.org/ns/prov#atLocation',
                                                        'x-jsonld-type': '@id'},
                                         'entityType': {'$ref': '#/$defs/oneOrMoreObjectref',
                                                        'x-jsonld-id': '@type'},
                                         'featureType': {'$ref': '#/$defs/oneOrMoreObjectref',
                                                         'x-jsonld-id': '@type'},
                                         'hadPrimarySource': {'$ref': '#/$defs/oneOrMoreEntitiesOrRefIds',
                                                              'x-jsonld-id': 'http://www.w3.org/ns/prov#hadPrimarySource',
                                                              'x-jsonld-type': '@id'},
                                         'has_provenance': {'$ref': '#/$defs/Prov',
                                                            'x-jsonld-id': 'http://purl.org/dc/terms/provenance',
                                                            'x-jsonld-type': '@id'},
                                         'id': {'$ref': '#/$defs/objectref',
                                                'x-jsonld-id': '@id'},
                                         'links': {'items': {'$ref': '#/$defs/externalLink'},
                                                   'type': 'array',
                                                   'x-jsonld-id': 'http://www.w3.org/2000/01/rdf-schema#seeAlso'},
                                         'qualifiedAttribution': {'oneOf': [{'$ref': '#/$defs/objectref'},
                                                                            {'$ref': '#/$defs/Attribution'},
                                                                            {'items': {'oneOf': [{'$ref': '#/$defs/objectref'},
                                                                                                 {'$ref': '#/$defs/Attribution'}]},
                                                                             'type': 'array'}],
                                                                  'x-jsonld-id': 'http://www.w3.org/ns/prov#qualifiedAttribution',
                                                                  'x-jsonld-type': '@id'},
                                         'qualifiedDerivation': {'oneOf': [{'$ref': '#/$defs/objectref'},
                                                                           {'$ref': '#/$defs/Derivation'},
                                                                           {'items': {'oneOf': [{'$ref': '#/$defs/objectref'},
                                                                                                {'$ref': '#/$defs/Derivation'}]},
                                                                            'type': 'array'}],
                                                                 'x-jsonld-id': 'http://www.w3.org/ns/prov#qualifiedDerivation',
                                                                 'x-jsonld-type': '@id'},
                                         'qualifiedGeneration': {'oneOf': [{'$ref': '#/$defs/objectref'},
                                                                           {'$ref': '#/$defs/Generation'},
                                                                           {'items': {'oneOf': [{'$ref': '#/$defs/objectref'},
                                                                                                {'$ref': '#/$defs/Generation'}]},
                                                                            'type': 'array'}],
                                                                 'x-jsonld-id': 'http://www.w3.org/ns/prov#qualifiedGeneration',
                                                                 'x-jsonld-type': '@id'},
                                         'qualifiedInvalidation': {'oneOf': [{'$ref': '#/$defs/objectref'},
                                                                             {'$ref': '#/$defs/Invalidation'},
                                                                             {'items': {'oneOf': [{'$ref': '#/$defs/objectref'},
                                                                                                  {'$ref': '#/$defs/Invalidation'}]},
                                                                              'type': 'array'}],
                                                                   'x-jsonld-id': 'http://www.w3.org/ns/prov#qualifiedInvalidation',
                                                                   'x-jsonld-type': '@id'},
                                         'specializationOf': {'$ref': '#/$defs/oneOrMoreEntitiesOrRefIds',
                                                              'x-jsonld-id': 'http://www.w3.org/ns/prov#specializationOf',
                                                              'x-jsonld-type': '@id'},
                                         'wasAttributedTo': {'$ref': '#/$defs/oneOrMoreAgentsOrRefIds',
                                                             'x-jsonld-id': 'http://www.w3.org/ns/prov#wasAttributedTo',
                                                             'x-jsonld-type': '@id'},
                                         'wasDerivedFrom': {'$ref': '#/$defs/oneOrMoreEntitiesOrRefIds',
                                                            'x-jsonld-id': 'http://www.w3.org/ns/prov#wasDerivedFrom',
                                                            'x-jsonld-type': '@id'},
                                         'wasGeneratedBy': {'$ref': '#/$defs/oneOrMoreActivitiesOrRefIds',
                                                            'x-jsonld-id': 'http://www.w3.org/ns/prov#wasGeneratedBy',
                                                            'x-jsonld-type': '@id'},
                                         'wasInvalidatedBy': {'$ref': '#/$defs/oneOrMoreActivitiesOrRefIds',
                                                              'x-jsonld-id': 'http://www.w3.org/ns/prov#wasInvalidatedBy',
                                                              'x-jsonld-type': '@id'},
                                         'wasQuotedFrom': {'$ref': '#/$defs/oneOrMoreEntitiesOrRefIds',
                                                           'x-jsonld-id': 'http://www.w3.org/ns/prov#wasQuotedFrom',
                                                           'x-jsonld-type': '@id'},
                                         'wasRevisionOf': {'$ref': '#/$defs/oneOrMoreEntitiesOrRefIds',
                                                           'x-jsonld-id': 'http://www.w3.org/ns/prov#wasRevisionOf',
                                                           'x-jsonld-type': '@id'}},
                          'required': ['id'],
                          'type': 'object'},
               'EntityType': {'enum': ['Entity',
                                       'Bundle',
                                       'Plan',
                                       'prov:Entity',
                                       'prov:Bundle',
                                       'prov:Plan'],
                              'type': 'string'},
               'EntityTypes': {'oneOf': [{'$ref': '#/$defs/EntityType'},
                                         {'contains': {'$ref': '#/$defs/EntityType'},
                                          'type': 'array'}]},
               'Generation': {'allOf': [{'$ref': '#/$defs/ActivityInfluence'},
                                        {'properties': {'type': {'oneOf': [{'const': 'Generation',
                                                                            'type': 'string'},
                                                                           {'contains': {'const': 'Generation',
                                                                                         'type': 'string'},
                                                                            'items': {'type': 'string'},
                                                                            'type': 'array'}]}},
                                         'required': ['type'],
                                         'type': 'object'}]},
               'Influence': {'anyOf': [{'required': ['influencer']},
                                       {'required': ['entity']},
                                       {'required': ['activity']},
                                       {'required': ['agent']}],
                             'properties': {'activity': {'$ref': '#/$defs/oneOrMoreActivitiesOrRefIds',
                                                         'x-jsonld-id': 'http://www.w3.org/ns/prov#activity',
                                                         'x-jsonld-type': '@id'},
                                            'agent': {'$ref': '#/$defs/oneOrMoreAgentsOrRefIds',
                                                      'x-jsonld-id': 'http://www.w3.org/ns/prov#agent',
                                                      'x-jsonld-type': '@id'},
                                            'entity': {'$ref': '#/$defs/oneOrMoreEntitiesOrRefIds',
                                                       'x-jsonld-id': 'http://www.w3.org/ns/prov#entity',
                                                       'x-jsonld-type': '@id'},
                                            'id': {'$ref': '#/$defs/objectref',
                                                   'x-jsonld-id': '@id'},
                                            'influencer': {'anyOf': [{'$ref': '#/$defs/oneOrMoreActivitiesOrRefIds'},
                                                                     {'$ref': '#/$defs/oneOrMoreEntitiesOrRefIds'},
                                                                     {'$ref': '#/$defs/oneOrMoreAgentsOrRefIds'}],
                                                           'x-jsonld-id': 'http://www.w3.org/ns/prov#influencer',
                                                           'x-jsonld-type': '@id'}},
                             'type': 'object'},
               'Invalidation': {'allOf': [{'$ref': '#/$defs/ActivityInfluence'},
                                          {'properties': {'type': {'oneOf': [{'const': 'Invalidation',
                                                                              'type': 'string'},
                                                                             {'contains': {'const': 'Invalidation',
                                                                                           'type': 'string'},
                                                                              'items': {'type': 'string'},
                                                                              'type': 'array'}]}},
                                           'required': ['type'],
                                           'type': 'object'}]},
               'Prov': {'description': 'An list of provenance objects '
                                       'linked together to form a '
                                       'provenance chain for the current '
                                       'object. Objects may have nested '
                                       'objects as well, with or without '
                                       'referencable ids',
                        'items': {'oneOf': [{'$ref': '#/$defs/Entity'},
                                            {'$ref': '#/$defs/Activity'},
                                            {'$ref': '#/$defs/Agent'}]},
                        'type': 'array'},
               'Start': {'allOf': [{'$ref': '#/$defs/StartOrEnd'},
                                   {'properties': {'type': {'anyOf': [{'const': 'Start'},
                                                                      {'contains': {'const': 'Start'}}]}}}]},
               'StartOrEnd': {'properties': {'atTime': {'$ref': '#/$defs/dateTime',
                                                        'x-jsonld-id': 'http://www.w3.org/ns/prov#atTime',
                                                        'x-jsonld-type': 'http://www.w3.org/2001/XMLSchema#dateTime'},
                                             'entity': {'oneOf': [{'$ref': '#/$defs/objectref'},
                                                                  {'$ref': '#/$defs/Entity'}],
                                                        'x-jsonld-id': 'http://www.w3.org/ns/prov#entity',
                                                        'x-jsonld-type': '@id'},
                                             'hadActivity': {'oneOf': [{'$ref': '#/$defs/objectref'},
                                                                       {'$ref': '#/$defs/Activity'}],
                                                             'x-jsonld-id': 'http://www.w3.org/ns/prov#hadActivity',
                                                             'x-jsonld-type': '@id'},
                                             'id': {'$ref': '#/$defs/objectref',
                                                    'x-jsonld-id': '@id'},
                                             'type': {'oneOf': [{'type': 'string'},
                                                                {'items': {'type': 'string'},
                                                                 'type': 'array'}]}},
                              'required': ['atTime'],
                              'type': 'object'},
               'Usage': {'properties': {'atTime': {'$ref': '#/$defs/dateTime',
                                                   'x-jsonld-id': 'http://www.w3.org/ns/prov#atTime',
                                                   'x-jsonld-type': 'http://www.w3.org/2001/XMLSchema#dateTime'},
                                        'entity': {'$ref': '#/$defs/oneOrMoreEntitiesOrRefIds',
                                                   'x-jsonld-id': 'http://www.w3.org/ns/prov#entity',
                                                   'x-jsonld-type': '@id'},
                                        'id': {'$ref': '#/$defs/objectref',
                                               'x-jsonld-id': '@id'},
                                        'type': {'oneOf': [{'enum': ['prov:Usage',
                                                                     'Usage'],
                                                            'type': 'string'},
                                                           {'contains': {'enum': ['prov:Usage',
                                                                                  'Usage'],
                                                                         'type': 'string'},
                                                            'items': {'type': 'string'},
                                                            'type': 'array'}]}},
                         'required': ['entity'],
                         'type': 'object'},
               'dateTime': {'format': 'date-time',
                            'pattern': '^\\d{4}-\\d{2}-\\d{2}T\\d{2}:\\d{2}:\\d{2}(?:\\.\\d+)?(?:Z|[+-]\\d{2}:\\d{2})?$',
                            'type': 'string'},
               'externalLink': {'$ref': 'https://opengeospatial.github.io/bblocks/annotated-schemas/ogc-utils/json-link/schema.yaml'},
               'influenced': {'properties': {'qualifiedInfluence': {'oneOf': [{'$ref': '#/$defs/objectref'},
                                                                              {'$ref': '#/$defs/Influence'},
                                                                              {'items': {'oneOf': [{'$ref': '#/$defs/objectref'},
                                                                                                   {'$ref': '#/$defs/Influence'}]},
                                                                               'type': 'array'}],
                                                                    'x-jsonld-id': 'http://www.w3.org/ns/prov#qualifiedInfluence',
                                                                    'x-jsonld-type': '@id'},
                                             'wasInfluencedBy': {'anyOf': [{'$ref': '#/$defs/oneOrMoreActivitiesOrRefIds'},
                                                                           {'$ref': '#/$defs/oneOrMoreEntitiesOrRefIds'},
                                                                           {'$ref': '#/$defs/oneOrMoreAgentsOrRefIds'}],
                                                                 'x-jsonld-id': 'http://www.w3.org/ns/prov#wasInfluencedBy',
                                                                 'x-jsonld-type': '@id'}},
                              'type': 'object'},
               'objectref': {'$anchor': 'objectref',
                             '$ref': 'https://opengeospatial.github.io/bblocks/annotated-schemas/ogc-utils/iri-or-curie/schema.yaml'},
               'oneOrMoreActivitiesOrRefIds': {'oneOf': [{'$ref': '#/$defs/objectref'},
                                                         {'$ref': '#/$defs/Activity'},
                                                         {'items': {'anyOf': [{'$ref': '#/$defs/objectref'},
                                                                              {'$ref': '#/$defs/Activity'}]},
                                                          'type': 'array'}]},
               'oneOrMoreAgentsOrRefIds': {'oneOf': [{'$ref': '#/$defs/objectref'},
                                                     {'$ref': '#/$defs/externalLink'},
                                                     {'$ref': '#/$defs/Agent'},
                                                     {'items': {'anyOf': [{'$ref': '#/$defs/objectref'},
                                                                          {'$ref': '#/$defs/Agent'}]},
                                                      'type': 'array'}]},
               'oneOrMoreEntitiesOrRefIds': {'oneOf': [{'$ref': '#/$defs/objectref'},
                                                       {'$ref': '#/$defs/Entity'},
                                                       {'items': {'anyOf': [{'$ref': '#/$defs/objectref'},
                                                                            {'$ref': '#/$defs/Entity'}]},
                                                        'type': 'array'}]},
               'oneOrMoreObjectref': {'$ref': 'https://opengeospatial.github.io/bblocks/annotated-schemas/ogc-utils/iri-or-curie/schema.yaml#/$defs/MultipleOrObject'}},
     '$schema': 'https://json-schema.org/draft/2020-12/schema',
     'anyOf': [{'$ref': '#/$defs/Prov'},
               {'$ref': '#/$defs/Entity'},
               {'$ref': '#/$defs/Activity'}],
     'description': 'Provenance Chain using PROV-O core model supporting '
                    'both an ID based object graph and nesting',
     'x-jsonld-extra-terms': {'Accept': 'http://www.w3.org/ns/prov#Accept',
                              'Activity': 'http://www.w3.org/ns/prov#Activity',
                              'ActivityInfluence': 'http://www.w3.org/ns/prov#ActivityInfluence',
                              'Agent': 'http://www.w3.org/ns/prov#Agent',
                              'AgentInfluence': 'http://www.w3.org/ns/prov#AgentInfluence',
                              'Association': 'http://www.w3.org/ns/prov#Association',
                              'Attribution': 'http://www.w3.org/ns/prov#Attribution',
                              'Bundle': 'http://www.w3.org/ns/prov#Bundle',
                              'Collection': 'http://www.w3.org/ns/prov#Collection',
                              'Communication': 'http://www.w3.org/ns/prov#Communication',
                              'Contribute': 'http://www.w3.org/ns/prov#Contribute',
                              'Contributor': 'http://www.w3.org/ns/prov#Contributor',
                              'Copyright': 'http://www.w3.org/ns/prov#Copyright',
                              'Create': 'http://www.w3.org/ns/prov#Create',
                              'Creator': 'http://www.w3.org/ns/prov#Creator',
                              'Delegation': 'http://www.w3.org/ns/prov#Delegation',
                              'Derivation': 'http://www.w3.org/ns/prov#Derivation',
                              'Dictionary': 'http://www.w3.org/ns/prov#Dictionary',
                              'DirectQueryService': 'http://www.w3.org/ns/prov#DirectQueryService',
                              'EmptyCollection': 'http://www.w3.org/ns/prov#EmptyCollection',
                              'EmptyDictionary': 'http://www.w3.org/ns/prov#EmptyDictionary',
                              'End': 'http://www.w3.org/ns/prov#End',
                              'Entity': 'http://www.w3.org/ns/prov#Entity',
                              'EntityInfluence': 'http://www.w3.org/ns/prov#EntityInfluence',
                              'Generation': 'http://www.w3.org/ns/prov#Generation',
                              'Influence': 'http://www.w3.org/ns/prov#Influence',
                              'Insertion': 'http://www.w3.org/ns/prov#Insertion',
                              'InstantaneousEvent': 'http://www.w3.org/ns/prov#InstantaneousEvent',
                              'Invalidation': 'http://www.w3.org/ns/prov#Invalidation',
                              'KeyEntityPair': 'http://www.w3.org/ns/prov#KeyEntityPair',
                              'Location': 'http://www.w3.org/ns/prov#Location',
                              'Modify': 'http://www.w3.org/ns/prov#Modify',
                              'Organization': 'http://www.w3.org/ns/prov#Organization',
                              'Person': 'http://www.w3.org/ns/prov#Person',
                              'Plan': 'http://www.w3.org/ns/prov#Plan',
                              'PrimarySource': 'http://www.w3.org/ns/prov#PrimarySource',
                              'Publish': 'http://www.w3.org/ns/prov#Publish',
                              'Publisher': 'http://www.w3.org/ns/prov#Publisher',
                              'Quotation': 'http://www.w3.org/ns/prov#Quotation',
                              'Removal': 'http://www.w3.org/ns/prov#Removal',
                              'Replace': 'http://www.w3.org/ns/prov#Replace',
                              'Revision': 'http://www.w3.org/ns/prov#Revision',
                              'RightsAssignment': 'http://www.w3.org/ns/prov#RightsAssignment',
                              'RightsHolder': 'http://www.w3.org/ns/prov#RightsHolder',
                              'Role': 'http://www.w3.org/ns/prov#Role',
                              'ServiceDescription': 'http://www.w3.org/ns/prov#ServiceDescription',
                              'SoftwareAgent': 'http://www.w3.org/ns/prov#SoftwareAgent',
                              'Start': 'http://www.w3.org/ns/prov#Start',
                              'Submit': 'http://www.w3.org/ns/prov#Submit',
                              'Usage': 'http://www.w3.org/ns/prov#Usage',
                              'activity': {'x-jsonld-id': 'http://www.w3.org/ns/prov#activity',
                                           'x-jsonld-type': '@id'},
                              'asInBundle': {'x-jsonld-id': 'http://www.w3.org/ns/prov#asInBundle',
                                             'x-jsonld-type': '@id'},
                              'atTime': {'x-jsonld-id': 'http://www.w3.org/ns/prov#atTime',
                                         'x-jsonld-type': 'http://www.w3.org/2001/XMLSchema#dateTime'},
                              'derivedByInsertionFrom': {'x-jsonld-id': 'http://www.w3.org/ns/prov#derivedByInsertionFrom',
                                                         'x-jsonld-type': '@id'},
                              'derivedByRemovalFrom': {'x-jsonld-id': 'http://www.w3.org/ns/prov#derivedByRemovalFrom',
                                                       'x-jsonld-type': '@id'},
                              'describesService': {'x-jsonld-id': 'http://www.w3.org/ns/prov#describesService',
                                                   'x-jsonld-type': '@id'},
                              'dictionary': {'x-jsonld-id': 'http://www.w3.org/ns/prov#dictionary',
                                             'x-jsonld-type': '@id'},
                              'generatedAtTime': {'x-jsonld-id': 'http://www.w3.org/ns/prov#generatedAtTime',
                                                  'x-jsonld-type': 'http://www.w3.org/2001/XMLSchema#dateTime'},
                              'hadDictionaryMember': {'x-jsonld-id': 'http://www.w3.org/ns/prov#hadDictionaryMember',
                                                      'x-jsonld-type': '@id'},
                              'has_anchor': {'x-jsonld-id': 'http://www.w3.org/ns/prov#has_anchor',
                                             'x-jsonld-type': '@id'},
                              'has_query_service': {'x-jsonld-id': 'http://www.w3.org/ns/prov#has_query_service',
                                                    'x-jsonld-type': '@id'},
                              'influenced': {'x-jsonld-id': 'http://www.w3.org/ns/prov#influenced',
                                             'x-jsonld-type': '@id'},
                              'influencer': {'x-jsonld-id': 'http://www.w3.org/ns/prov#influencer',
                                             'x-jsonld-type': '@id'},
                              'insertedKeyEntityPair': {'x-jsonld-id': 'http://www.w3.org/ns/prov#insertedKeyEntityPair',
                                                        'x-jsonld-type': '@id'},
                              'invalidatedAtTime': {'x-jsonld-id': 'http://www.w3.org/ns/prov#invalidatedAtTime',
                                                    'x-jsonld-type': 'http://www.w3.org/2001/XMLSchema#dateTime'},
                              'mentionOf': {'x-jsonld-id': 'http://www.w3.org/ns/prov#mentionOf',
                                            'x-jsonld-type': '@id'},
                              'pairEntity': {'x-jsonld-id': 'http://www.w3.org/ns/prov#pairEntity',
                                             'x-jsonld-type': '@id'},
                              'pairKey': {'x-jsonld-id': 'http://www.w3.org/ns/prov#pairKey',
                                          'x-jsonld-type': 'http://www.w3.org/2000/01/rdf-schema#Literal'},
                              'pingback': {'x-jsonld-id': 'http://www.w3.org/ns/prov#pingback',
                                           'x-jsonld-type': '@id'},
                              'provenanceUriTemplate': 'http://www.w3.org/ns/prov#provenanceUriTemplate',
                              'qualifiedInsertion': {'x-jsonld-id': 'http://www.w3.org/ns/prov#qualifiedInsertion',
                                                     'x-jsonld-type': '@id'},
                              'qualifiedPrimarySource': {'x-jsonld-id': 'http://www.w3.org/ns/prov#qualifiedPrimarySource',
                                                         'x-jsonld-type': '@id'},
                              'qualifiedQuotation': {'x-jsonld-id': 'http://www.w3.org/ns/prov#qualifiedQuotation',
                                                     'x-jsonld-type': '@id'},
                              'qualifiedRemoval': {'x-jsonld-id': 'http://www.w3.org/ns/prov#qualifiedRemoval',
                                                   'x-jsonld-type': '@id'},
                              'qualifiedRevision': {'x-jsonld-id': 'http://www.w3.org/ns/prov#qualifiedRevision',
                                                    'x-jsonld-type': '@id'},
                              'removedKey': {'x-jsonld-id': 'http://www.w3.org/ns/prov#removedKey',
                                             'x-jsonld-type': 'http://www.w3.org/2000/01/rdf-schema#Literal'},
                              'startedAtTime': {'x-jsonld-id': 'http://www.w3.org/ns/prov#startedAtTime',
                                                'x-jsonld-type': 'http://www.w3.org/2001/XMLSchema#dateTime'},
                              'value': 'http://www.w3.org/ns/prov#value'},
     'x-jsonld-prefixes': {'dct': 'http://purl.org/dc/terms/',
                           'prov': 'http://www.w3.org/ns/prov#',
                           'rdf': 'http://www.w3.org/1999/02/22-rdf-syntax-ns#',
                           'rdfs': 'http://www.w3.org/2000/01/rdf-schema#',
                           'xsd': 'http://www.w3.org/2001/XMLSchema#'}}

On instance:
    {'@context': {'@base': 'https://example.org/',
                  'agents': 'https://someagentregister.eg/',
                  'foaf': 'http://xmlns.com/foaf/0.1/',
                  'surveyreg': 'https://example.org/surveys/',
                  'survtypes': 'https://example.org/surveytypes/',
                  'thing': 'https://example.org/entities/'},
     'featureType': 'Survey',
     'id': 'DP-1',
     'type': 'Feature',
     'wasGeneratedBy': ['surveyreg:DP-1-S1',
                        {'activity': 'Registration',
                         'endedAtTime': '2021-01-01',
                         'id': 'surveyreg:DP-1-S2',
                         'used': {'id': 'PriorThing',
                                  'wasGeneratedBy': {'activity': 'SomethingImpossiblyAfter',
                                                     'endedAtTime': '2029-01-01',
                                                     'id': 'surveyreg:impossible'}},
                         'wasAssociatedWith': 'agents:bc-3'}]}
=== End JSON Schema ===

=== JSON-LD ===

** Validation error **
Error found when uplifting JSON-LD: Failed to convert Literal lexical form to value. Datatype=http://www.w3.org/2001/XMLSchema#dateTime, Converter=<function parse_datetime at 0x7f38b911a0e0>
Traceback (most recent call last):
  File "/venv/lib/python3.10/site-packages/isodate/isodatetime.py", line 51, in parse_datetime
    datestring, timestring = datetimestring.split('T')
ValueError: not enough values to unpack (expected 2, got 1)

During handling of the above exception, another exception occurred:

Traceback (most recent call last):
  File "/venv/lib/python3.10/site-packages/rdflib/term.py", line 2084, in _castLexicalToPython
    return conv_func(lexical)  # type: ignore[arg-type]
  File "/venv/lib/python3.10/site-packages/isodate/isodatetime.py", line 53, in parse_datetime
    raise ISO8601Error("ISO 8601 time designator 'T' missing. Unable to"
isodate.isoerror.ISO8601Error: ISO 8601 time designator 'T' missing. Unable to parse datetime string '2021-01-01'
Failed to convert Literal lexical form to value. Datatype=http://www.w3.org/2001/XMLSchema#dateTime, Converter=<function parse_datetime at 0x7f38b911a0e0>
Traceback (most recent call last):
  File "/venv/lib/python3.10/site-packages/isodate/isodatetime.py", line 51, in parse_datetime
    datestring, timestring = datetimestring.split('T')
ValueError: not enough values to unpack (expected 2, got 1)

During handling of the above exception, another exception occurred:

Traceback (most recent call last):
  File "/venv/lib/python3.10/site-packages/rdflib/term.py", line 2084, in _castLexicalToPython
    return conv_func(lexical)  # type: ignore[arg-type]
  File "/venv/lib/python3.10/site-packages/isodate/isodatetime.py", line 53, in parse_datetime
    raise ISO8601Error("ISO 8601 time designator 'T' missing. Unable to"
isodate.isoerror.ISO8601Error: ISO 8601 time designator 'T' missing. Unable to parse datetime string '2029-01-01'

=== End JSON-LD ===

